# JRE version: Java(TM) SE Runtime Environment (10.0.2+13) (build 10.0.2+13)
# Java VM: Java HotSpot(TM) 64-Bit Server VM (10.0.2+13, mixed mode, tiered, compressed oops, g1 gc, windows-amd64)
Heap:
 garbage-first heap   total 92160K, used 77797K [0x00000000c2000000, 0x0000000100000000)
  region size 1024K, 39 young (39936K), 1 survivors (1024K)
 Metaspace       used 18997K, capacity 19374K, committed 19840K, reserved 1067008K
  class space    used 2179K, capacity 2366K, committed 2432K, reserved 1048576K
GC Heap History (10 events):
Event: 1.377 GC heap before
{Heap before GC invocations=32 (full 0):
 garbage-first heap   total 76800K, used 34785K [0x00000000c2000000, 0x0000000100000000)
  region size 1024K, 2 young (2048K), 1 survivors (1024K)
 Metaspace       used 13466K, capacity 13827K, committed 14080K, reserved 1060864K
  class space    used 1505K, capacity 1674K, committed 1792K, reserved 1048576K
}
Event: 1.378 GC heap after
{Heap after GC invocations=33 (full 0):
 garbage-first heap   total 76800K, used 34789K [0x00000000c2000000, 0x0000000100000000)
  region size 1024K, 1 young (1024K), 1 survivors (1024K)
 Metaspace       used 13466K, capacity 13827K, committed 14080K, reserved 1060864K
  class space    used 1505K, capacity 1674K, committed 1792K, reserved 1048576K
}
Event: 1.430 GC heap before
{Heap before GC invocations=34 (full 0):
 garbage-first heap   total 76800K, used 34789K [0x00000000c2000000, 0x0000000100000000)
  region size 1024K, 2 young (2048K), 1 survivors (1024K)
 Metaspace       used 13468K, capacity 13827K, committed 14080K, reserved 1060864K
  class space    used 1505K, capacity 1674K, committed 1792K, reserved 1048576K
}
Event: 1.431 GC heap after
{Heap after GC invocations=35 (full 0):
 garbage-first heap   total 76800K, used 34792K [0x00000000c2000000, 0x0000000100000000)
  region size 1024K, 1 young (1024K), 1 survivors (1024K)
 Metaspace       used 13468K, capacity 13827K, committed 14080K, reserved 1060864K
  class space    used 1505K, capacity 1674K, committed 1792K, reserved 1048576K
}
Event: 1.475 GC heap before
{Heap before GC invocations=36 (full 0):
 garbage-first heap   total 76800K, used 34792K [0x00000000c2000000, 0x0000000100000000)
  region size 1024K, 2 young (2048K), 1 survivors (1024K)
 Metaspace       used 13468K, capacity 13827K, committed 14080K, reserved 1060864K
  class space    used 1505K, capacity 1674K, committed 1792K, reserved 1048576K
}
Event: 1.477 GC heap after
{Heap after GC invocations=37 (full 0):
 garbage-first heap   total 92160K, used 34789K [0x00000000c2000000, 0x0000000100000000)
  region size 1024K, 1 young (1024K), 1 survivors (1024K)
 Metaspace       used 13468K, capacity 13827K, committed 14080K, reserved 1060864K
  class space    used 1505K, capacity 1674K, committed 1792K, reserved 1048576K
}
Event: 1.541 GC heap before
{Heap before GC invocations=38 (full 0):
 garbage-first heap   total 92160K, used 40933K [0x00000000c2000000, 0x0000000100000000)
  region size 1024K, 2 young (2048K), 1 survivors (1024K)
 Metaspace       used 13471K, capacity 13827K, committed 14080K, reserved 1060864K
  class space    used 1505K, capacity 1674K, committed 1792K, reserved 1048576K
}
Event: 1.541 GC heap after
{Heap after GC invocations=39 (full 0):
 garbage-first heap   total 92160K, used 40933K [0x00000000c2000000, 0x0000000100000000)
  region size 1024K, 1 young (1024K), 1 survivors (1024K)
 Metaspace       used 13471K, capacity 13827K, committed 14080K, reserved 1060864K
  class space    used 1505K, capacity 1674K, committed 1792K, reserved 1048576K
}
Event: 1.614 GC heap before
{Heap before GC invocations=40 (full 0):
 garbage-first heap   total 92160K, used 40933K [0x00000000c2000000, 0x0000000100000000)
  region size 1024K, 2 young (2048K), 1 survivors (1024K)
 Metaspace       used 13519K, capacity 13891K, committed 14080K, reserved 1060864K
  class space    used 1505K, capacity 1674K, committed 1792K, reserved 1048576K
}
Event: 1.615 GC heap after
{Heap after GC invocations=41 (full 0):
 garbage-first heap   total 92160K, used 40933K [0x00000000c2000000, 0x0000000100000000)
  region size 1024K, 1 young (1024K), 1 survivors (1024K)
 Metaspace       used 13519K, capacity 13891K, committed 14080K, reserved 1060864K
  class space    used 1505K, capacity 1674K, committed 1792K, reserved 1048576K
}

